19-12-11 10:24:47<xml><ToUserName><![CDATA[gh_0080c841f4bb]]></ToUserName>
<FromUserName><![CDATA[oYtxIt0WcMTSZnseMC_IMOMlXe1M]]></FromUserName>
<CreateTime>1575893487</CreateTime>
<MsgType><![CDATA[event]]></MsgType>
<Event><![CDATA[subscribe]]></Event>
<EventKey><![CDATA[]]></EventKey>
</xml>19-12-11 03:20:2619-12-11 03:21:05<xml><ToUserName><![CDATA[gh_0080c841f4bb]]></ToUserName>
<FromUserName><![CDATA[oYtxIt0WcMTSZnseMC_IMOMlXe1M]]></FromUserName>
<CreateTime>1575893487</CreateTime>
<MsgType><![CDATA[event]]></MsgType>
<Event><![CDATA[subscribe]]></Event>
<EventKey><![CDATA[]]></EventKey>
</xml>19-12-11 03:21:30<xml><ToUserName><![CDATA[gh_0080c841f4bb]]></ToUserName>
<FromUserName><![CDATA[oYtxIt0WcMTSZnseMC_IMOMlXe1M]]></FromUserName>
<CreateTime>1575893487</CreateTime>
<MsgType><![CDATA[event]]></MsgType>
<Event><![CDATA[subscribe]]></Event>
<EventKey><![CDATA[]]></EventKey>
</xml>19-12-11 03:23:47<xml><ToUserName><![CDATA[gh_0080c841f4bb]]></ToUserName>
<FromUserName><![CDATA[oYtxIt0WcMTSZnseMC_IMOMlXe1M]]></FromUserName>
<CreateTime>1575893487</CreateTime>
<MsgType><![CDATA[event]]></MsgType>
<Event><![CDATA[subscribe]]></Event>
<EventKey><![CDATA[]]></EventKey>
</xml>19-12-11 03:27:24<xml><ToUserName><![CDATA[gh_0080c841f4bb]]></ToUserName>
<FromUserName><![CDATA[oYtxIt0WcMTSZnseMC_IMOMlXe1M]]></FromUserName>
<CreateTime>1575893487</CreateTime>
<MsgType><![CDATA[event]]></MsgType>
<Event><![CDATA[subscribe]]></Event>
<EventKey><![CDATA[]]></EventKey>
</xml>19-12-11 03:34:23<xml><ToUserName><![CDATA[gh_0080c841f4bb]]></ToUserName>
<FromUserName><![CDATA[oYtxIt0WcMTSZnseMC_IMOMlXe1M]]></FromUserName>
<CreateTime>1575893487</CreateTime>
<MsgType><![CDATA[event]]></MsgType>
<Event><![CDATA[subscribe]]></Event>
<EventKey><![CDATA[]]></EventKey>
</xml>19-12-11 03:38:31<xml><ToUserName><![CDATA[gh_0080c841f4bb]]></ToUserName>
<FromUserName><![CDATA[oYtxIt0WcMTSZnseMC_IMOMlXe1M]]></FromUserName>
<CreateTime>1575893487</CreateTime>
<MsgType><![CDATA[event]]></MsgType>
<Event><![CDATA[subscribe]]></Event>
<EventKey><![CDATA[]]></EventKey>
</xml>19-12-11 03:40:02<xml><ToUserName><![CDATA[gh_0080c841f4bb]]></ToUserName>
<FromUserName><![CDATA[oYtxIt0WcMTSZnseMC_IMOMlXe1M]]></FromUserName>
<CreateTime>1575893487</CreateTime>
<MsgType><![CDATA[event]]></MsgType>
<Event><![CDATA[subscribe]]></Event>
<EventKey><![CDATA[]]></EventKey>
</xml>